<?xml version="1.0" encoding="UTF-8"?>
<!-- Generated by org.testng.reporters.JUnitXMLReporter -->
<testsuite ignored="2" hostname="set-jaswir.local" failures="0" tests="2" name="HomePage tests" time="37.843" errors="0" timestamp="06 Jul 2019 15:16:10 GMT">
  <testcase classname="com.test1.test.HomePageTest" name="visitHomePage" time="19.234"/>
  <testcase classname="com.test1.test.PromoPageTest" name="visitPromoPage" time="18.57"/>
  <testcase classname="com.test1.test.utils.TestInstruement" name="@BeforeSuite beforeSuite" time="0.0">
    <ignored/>
  </testcase> <!-- @BeforeSuite beforeSuite -->
  <testcase classname="com.test1.test.utils.TestInstruement" name="@AfterSuite afterSuite" time="0.0">
    <ignored/>
  </testcase> <!-- @AfterSuite afterSuite -->
</testsuite> <!-- HomePage tests -->
