<?xml version="1.0" encoding="UTF-8"?>
<!-- Generated by org.testng.reporters.JUnitXMLReporter -->
<testsuite ignored="0" hostname="set-jaswir.local" failures="1" tests="1" name="Home Page tests" time="0.063" errors="0" timestamp="06 Jul 2019 16:18:24 GMT">
  <testcase classname="com.test1.test.steps.HomePageTest" name="homePage" time="0.007">
    <failure type="java.lang.NullPointerException">
      <![CDATA[java.lang.NullPointerException
at com.test1.test.pageObject.HomePage.visitHomePage(HomePage.java:15)
at com.test1.test.steps.HomePageTest.homePage(HomePageTest.java:19)
... Removed 25 stack frames]]>
    </failure>
  </testcase> <!-- homePage -->
</testsuite> <!-- Home Page tests -->
