<?xml version="1.0" encoding="UTF-8"?>
<!-- Generated by org.testng.reporters.JUnitXMLReporter -->
<testsuite hostname="set-jaswir.local" ignored="4" name="Command line test" tests="2" failures="1" timestamp="06 Jul 2019 16:19:47 GMT" time="35.384" errors="0">
  <testcase name="visitPromoPage" time="35.353" classname="com.test1.test.steps.PromoPageTest"/>
  <testcase name="homePage" time="0.001" classname="com.test1.test.steps.HomePageTest">
    <failure type="java.lang.NullPointerException">
      <![CDATA[java.lang.NullPointerException
at com.test1.test.pageObject.HomePage.visitHomePage(HomePage.java:15)
at com.test1.test.steps.HomePageTest.homePage(HomePageTest.java:19)
... Removed 35 stack frames]]>
    </failure>
  </testcase> <!-- homePage -->
  <testcase name="@BeforeSuite beforeSuite" time="0.0" classname="com.test1.test.utils.TestInstruement">
    <ignored/>
  </testcase> <!-- @BeforeSuite beforeSuite -->
  <testcase name="@BeforeSuite beforeSuite" time="0.0" classname="com.test1.test.utils.TestInstruement">
    <ignored/>
  </testcase> <!-- @BeforeSuite beforeSuite -->
  <testcase name="@AfterSuite afterSuite" time="0.0" classname="com.test1.test.utils.TestInstruement">
    <ignored/>
  </testcase> <!-- @AfterSuite afterSuite -->
  <testcase name="@AfterSuite afterSuite" time="0.0" classname="com.test1.test.utils.TestInstruement">
    <ignored/>
  </testcase> <!-- @AfterSuite afterSuite -->
</testsuite> <!-- Command line test -->
