<?xml version="1.0" encoding="UTF-8" ?>
<testsuite tests="2" failures="1" name="TestSuite" time="35.361" errors="0" skipped="0">
  <properties>
[...]
</properties>
  <testcase classname="com.test1.test.steps.PromoPageTest" name="visitPromoPage" time="35.359"/>
  <testcase classname="com.test1.test.steps.HomePageTest" name="homePage" time="0.002">
    <failure type="java.lang.NullPointerException">java.lang.NullPointerException
	at com.test1.test.pageObject.HomePage.visitHomePage(HomePage.java:15)
	at com.test1.test.steps.HomePageTest.homePage(HomePageTest.java:19)
</failure>
  </testcase>
</testsuite>