-------------------------------------------------------------------------------
Test set: TestSuite
-------------------------------------------------------------------------------
Tests run: 2, Failures: 1, Errors: 0, Skipped: 0, Time elapsed: 39.035 sec <<< FAILURE!
homePage(com.test1.test.steps.HomePageTest)  Time elapsed: 0.002 sec  <<< FAILURE!
java.lang.NullPointerException
	at com.test1.test.pageObject.HomePage.visitHomePage(HomePage.java:15)
	at com.test1.test.steps.HomePageTest.homePage(HomePageTest.java:19)

