<?xml version="1.0" encoding="UTF-8"?>
<testng-results skipped="0" failed="0" ignored="1" total="2" passed="1">
  <reporter-output>
  </reporter-output>
  <suite name="com.test1.test.steps.HomePageTest" duration-ms="39765" started-at="2019-07-21T06:30:54Z" finished-at="2019-07-21T06:31:34Z">
    <groups>
    </groups>
    <test name="Command line test" duration-ms="39765" started-at="2019-07-21T06:30:54Z" finished-at="2019-07-21T06:31:34Z">
      <class name="com.test1.test.steps.HomePageTest">
        <test-method status="PASS" signature="beforeSuite()[pri:0, instance:com.test1.test.steps.HomePageTest@26ba2a48]" name="beforeSuite" is-config="true" duration-ms="3282" started-at="2019-07-21T06:30:51Z" finished-at="2019-07-21T06:30:54Z">
          <reporter-output>
          </reporter-output>
        </test-method> <!-- beforeSuite -->
        <test-method status="PASS" signature="searchFlights()[pri:0, instance:com.test1.test.steps.HomePageTest@26ba2a48]" name="searchFlights" duration-ms="39725" started-at="2019-07-21T06:30:54Z" finished-at="2019-07-21T06:31:34Z">
          <reporter-output>
          </reporter-output>
        </test-method> <!-- searchFlights -->
        <test-method status="PASS" signature="afterClass()[pri:0, instance:com.test1.test.steps.HomePageTest@26ba2a48]" name="afterClass" is-config="true" duration-ms="0" started-at="2019-07-21T06:31:34Z" finished-at="2019-07-21T06:31:34Z">
          <reporter-output>
          </reporter-output>
        </test-method> <!-- afterClass -->
        <test-method status="PASS" signature="afterSuite()[pri:0, instance:com.test1.test.steps.HomePageTest@26ba2a48]" name="afterSuite" is-config="true" duration-ms="137" started-at="2019-07-21T06:31:34Z" finished-at="2019-07-21T06:31:34Z">
          <reporter-output>
          </reporter-output>
        </test-method> <!-- afterSuite -->
      </class> <!-- com.test1.test.steps.HomePageTest -->
    </test> <!-- Command line test -->
  </suite> <!-- com.test1.test.steps.HomePageTest -->
</testng-results>
