<?xml version="1.0" encoding="UTF-8"?>
<!-- Generated by org.testng.reporters.JUnitXMLReporter -->
<testsuite hostname="set-jaswir.local" ignored="1" name="Command line test" tests="1" failures="0" timestamp="21 Jul 2019 06:31:34 GMT" time="39.765" errors="0">
  <testcase name="searchFlights" time="39.725" classname="com.test1.test.steps.HomePageTest"/>
  <testcase name="login" time="0.0" classname="com.test1.test.steps.HomePageTest">
    <ignored/>
  </testcase> <!-- login -->
</testsuite> <!-- Command line test -->
