<?xml version="1.0" encoding="UTF-8"?>
<testng-results ignored="0" total="1" passed="1" failed="0" skipped="0">
  <reporter-output>
  </reporter-output>
  <suite started-at="2019-07-06T13:07:01Z" name="MyTestSuite" finished-at="2019-07-06T13:07:43Z" duration-ms="41657">
    <groups>
    </groups>
    <test started-at="2019-07-06T13:07:01Z" name="HomePage tests" finished-at="2019-07-06T13:07:43Z" duration-ms="41657">
      <class name="com.test1.test.HomePageTest">
        <test-method is-config="true" signature="beforeMethod()[pri:0, instance:com.test1.test.HomePageTest@57250572]" started-at="2019-07-06T13:07:01Z" name="beforeMethod" finished-at="2019-07-06T13:07:03Z" duration-ms="1833" status="PASS">
          <reporter-output>
          </reporter-output>
        </test-method> <!-- beforeMethod -->
        <test-method signature="f()[pri:0, instance:com.test1.test.HomePageTest@57250572]" started-at="2019-07-06T13:07:03Z" name="f" finished-at="2019-07-06T13:07:43Z" duration-ms="39669" status="PASS">
          <reporter-output>
          </reporter-output>
        </test-method> <!-- f -->
        <test-method is-config="true" signature="afterMethod()[pri:0, instance:com.test1.test.HomePageTest@57250572]" started-at="2019-07-06T13:07:43Z" name="afterMethod" finished-at="2019-07-06T13:07:43Z" duration-ms="125" status="PASS">
          <reporter-output>
          </reporter-output>
        </test-method> <!-- afterMethod -->
      </class> <!-- com.test1.test.HomePageTest -->
    </test> <!-- HomePage tests -->
  </suite> <!-- MyTestSuite -->
</testng-results>
